#
# A fatal error has been detected by the Java Runtime Environment:
#
#  EXCEPTION_ACCESS_VIOLATION (0xc0000005) at pc=0x00000000730148db, pid=6584, tid=0x0000000000002080
#
# JRE version: Java(TM) SE Runtime Environment (8.0_151-b12) (build 1.8.0_151-b12)
# Java VM: Java HotSpot(TM) 64-Bit Server VM (25.151-b12 mixed mode windows-amd64 compressed oops)
# Problematic frame:
# V  [jvm.dll+0x1148db]
#
# Failed to write core dump. Minidumps are not enabled by default on client versions of Windows
#
# If you would like to submit a bug report, please visit:
#   http://bugreport.java.com/bugreport/crash.jsp
#

---------------  T H R E A D  ---------------

Current thread (0x00000000022af800):  GCTaskThread [stack: 0x0000000011d90000,0x0000000011e90000] [id=8320]

siginfo: ExceptionCode=0xc0000005, reading address 0x0000000000000008

Registers:
RAX=0x0000000012190000, RBX=0x000000008a12b8e8, RCX=0x0000000000000003, RDX=0x0000000000000001
RSP=0x0000000011e8f6a0, RBP=0x000000008a1ab78c, RSI=0x0000000000000005, RDI=0x0000000002383b90
R8 =0x0000000000000000, R9 =0x0000000000000005, R10=0x000000000000000c, R11=0x0000000000010d38
R12=0x000000008a1ab790, R13=0x0000000100160998, R14=0x00000001001609a0, R15=0x000000008a1ab778
RIP=0x00000000730148db, EFLAGS=0x0000000000010246

Top of Stack: (sp=0x0000000011e8f6a0)
0x0000000011e8f6a0:   000000008a1ab8c0 000000008a1ab788
0x0000000011e8f6b0:   0000000000000005 0000000002383b90
0x0000000011e8f6c0:   0000000000000000 00000000022afbb0
0x0000000011e8f6d0:   00000000022a8580 0000000002383b90
0x0000000011e8f6e0:   0000000000010d37 00000000732f7b50
0x0000000011e8f6f0:   00000000170e3a00 0000000011e8f809
0x0000000011e8f700:   0000000002383b90 00000000735555d8
0x0000000011e8f710:   00000000170d6200 0000000011e8f7c0
0x0000000011e8f720:   00000000186b3aa0 000000000000000c
0x0000000011e8f730:   0000000002383b90 0000000073012fa2
0x0000000011e8f740:   0000000088e777b0 0000000000000000
0x0000000011e8f750:   0000000000000000 00000000022a8580
0x0000000011e8f760:   00000000022afbc0 00000000022afbb0
0x0000000011e8f770:   00000000735555d8 0000000002383b90
0x0000000011e8f780:   0000000000000000 0000000011e8f809
0x0000000011e8f790:   0000000016965470 00000000732f4e50 

Instructions: (pc=0x00000000730148db)
0x00000000730148bb:   6f 00 84 d2 74 16 44 8b 43 08 8b 0d dd ce 68 00
0x00000000730148cb:   49 d3 e0 4c 03 05 cb ce 68 00 eb 04 4c 8b 43 08
0x00000000730148db:   45 8b 48 08 45 85 c9 7e 0c 41 f6 c1 01 75 4b 41
0x00000000730148eb:   c1 f9 03 eb 57 79 43 84 d2 41 8b c9 b8 10 00 00 


Register to memory mapping:

RAX=0x0000000012190000 is an unknown value
RBX=0x000000008a12b8e8 is pointing into object: 0x000000008a12b8a0
java.lang.reflect.Method 
 - klass: 'java/lang/reflect/Method'
RCX=0x0000000000000003 is an unknown value
RDX=0x0000000000000001 is an unknown value
RSP=0x0000000011e8f6a0 is an unknown value
RBP=0x000000008a1ab78c is pointing into object: 0x000000008a1ab778
java.beans.MethodRef 
 - klass: 'java/beans/MethodRef'
RSI=0x0000000000000005 is an unknown value
RDI=0x0000000002383b90 is an unknown value
R8 =0x0000000000000000 is an unknown value
R9 =0x0000000000000005 is an unknown value
R10=0x000000000000000c is an unknown value
R11=0x0000000000010d38 is an unknown value
R12=0x000000008a1ab790 is an oop
java.lang.String 
 - klass: 'java/lang/String'
R13=0x0000000100160998 is pointing into metadata
R14=0x00000001001609a0 is pointing into metadata
R15=0x000000008a1ab778 is an oop
java.beans.MethodRef 
 - klass: 'java/beans/MethodRef'


Stack: [0x0000000011d90000,0x0000000011e90000],  sp=0x0000000011e8f6a0,  free space=1021k
Native frames: (J=compiled Java code, j=interpreted, Vv=VM code, C=native code)
V  [jvm.dll+0x1148db]
V  [jvm.dll+0x3f7b50]
V  [jvm.dll+0x3f4e50]
V  [jvm.dll+0x3f2a0e]
V  [jvm.dll+0x29c3ea]
C  [msvcr100.dll+0x21d9f]
C  [msvcr100.dll+0x21e3b]
C  [KERNEL32.DLL+0x15cd]
C  [ntdll.dll+0x743d1]


---------------  P R O C E S S  ---------------

Java Threads: ( => current thread )
  0x000000001eb19000 JavaThread "Thread-267" [_thread_blocked, id=204, stack(0x000000001a000000,0x000000001a100000)]
  0x000000001eb17800 JavaThread "http-nio-8080-AsyncTimeout" daemon [_thread_blocked, id=2796, stack(0x00000000209a0000,0x0000000020aa0000)]
  0x000000001eb16000 JavaThread "http-nio-8080-Acceptor-0" daemon [_thread_blocked, id=7620, stack(0x00000000208a0000,0x00000000209a0000)]
  0x000000001a423000 JavaThread "RMI TCP Connection(447)-127.0.0.1" daemon [_thread_in_native, id=4760, stack(0x00000000206a0000,0x00000000207a0000)]
  0x000000001a42c800 JavaThread "DestroyJavaVM" [_thread_blocked, id=8500, stack(0x0000000002180000,0x0000000002280000)]
  0x000000001adf4000 JavaThread "Live Reload Server" daemon [_thread_in_native, id=4168, stack(0x000000001cfd0000,0x000000001d0d0000)]
  0x000000001a227800 JavaThread "JMX server connection timeout 17" daemon [_thread_blocked, id=4836, stack(0x000000001b2d0000,0x000000001b3d0000)]
  0x000000001a12a800 JavaThread "RMI Scheduler(0)" daemon [_thread_blocked, id=3776, stack(0x000000001b0d0000,0x000000001b1d0000)]
  0x00000000191ca000 JavaThread "RMI TCP Accept-0" daemon [_thread_in_native, id=5576, stack(0x0000000019800000,0x0000000019900000)]
  0x00000000191b7000 JavaThread "RMI TCP Accept-58364" daemon [_thread_in_native, id=3876, stack(0x0000000019700000,0x0000000019800000)]
  0x00000000191a7000 JavaThread "RMI TCP Accept-0" daemon [_thread_in_native, id=996, stack(0x0000000019600000,0x0000000019700000)]
  0x0000000018670000 JavaThread "Service Thread" daemon [_thread_blocked, id=8336, stack(0x0000000018a20000,0x0000000018b20000)]
  0x0000000016aa5800 JavaThread "C1 CompilerThread2" daemon [_thread_blocked, id=2884, stack(0x0000000018520000,0x0000000018620000)]
  0x0000000016a9e000 JavaThread "C2 CompilerThread1" daemon [_thread_blocked, id=5456, stack(0x0000000018420000,0x0000000018520000)]
  0x0000000016a97800 JavaThread "C2 CompilerThread0" daemon [_thread_blocked, id=6300, stack(0x0000000018320000,0x0000000018420000)]
  0x0000000016a94000 JavaThread "Attach Listener" daemon [_thread_blocked, id=7764, stack(0x0000000018220000,0x0000000018320000)]
  0x0000000016a93000 JavaThread "Signal Dispatcher" daemon [_thread_blocked, id=9120, stack(0x0000000018120000,0x0000000018220000)]
  0x0000000016a80000 JavaThread "Finalizer" daemon [_thread_blocked, id=5796, stack(0x0000000017cf0000,0x0000000017df0000)]
  0x0000000002388000 JavaThread "Reference Handler" daemon [_thread_blocked, id=5932, stack(0x0000000017bf0000,0x0000000017cf0000)]

Other Threads:
  0x0000000016a57800 VMThread [stack: 0x0000000017af0000,0x0000000017bf0000] [id=7948]
  0x00000000191cb000 WatcherThread [stack: 0x0000000019d00000,0x0000000019e00000] [id=1128]

=>0x00000000022af800 (exited) GCTaskThread [stack: 0x0000000011d90000,0x0000000011e90000] [id=8320]

VM state:at safepoint (normal execution)

VM Mutex/Monitor currently owned by a thread:  ([mutex/lock_event])
[0x0000000002296160] Threads_lock - owner thread: 0x0000000016a57800
[0x0000000002296e60] Heap_lock - owner thread: 0x000000001eb19000

Heap:
 PSYoungGen      total 33792K, used 2144K [0x00000000d8400000, 0x00000000da880000, 0x0000000100000000)
  eden space 30208K, 0% used [0x00000000d8400000,0x00000000d8400000,0x00000000da180000)
  from space 3584K, 59% used [0x00000000da500000,0x00000000da718010,0x00000000da880000)
  to   space 3584K, 0% used [0x00000000da180000,0x00000000da180000,0x00000000da500000)
 ParOldGen       total 101376K, used 70747K [0x0000000088c00000, 0x000000008ef00000, 0x00000000d8400000)
  object space 101376K, 69% used [0x0000000088c00000,0x000000008d116dd0,0x000000008ef00000)
 Metaspace       used 59375K, capacity 63848K, committed 64128K, reserved 1105920K
  class space    used 7124K, capacity 8295K, committed 8320K, reserved 1048576K

Card table byte_map: [0x0000000011750000,0x0000000011b10000] byte_map_base: 0x000000001130a000

Marking Bits: (ParMarkBitMap*) 0x000000007371d850
 Begin Bits: [0x0000000012190000, 0x0000000013f60000)
 End Bits:   [0x0000000013f60000, 0x0000000015d30000)

Polling page: 0x0000000000730000

CodeCache: size=245760Kb used=23287Kb max_used=23287Kb free=222472Kb
 bounds [0x0000000002390000, 0x0000000003a60000, 0x0000000011390000]
 total_blobs=11545 nmethods=10798 adapters=657
 compilation: enabled

Compilation events (10 events):
Event: 18949.760 Thread 0x0000000016aa5800 nmethod 10930 0x0000000003a4f890 code [0x0000000003a4fa00, 0x0000000003a4fbe8]
Event: 18949.763 Thread 0x0000000016aa5800 10932       1       org.apache.catalina.mapper.Mapper::find (111 bytes)
Event: 18949.764 Thread 0x0000000016aa5800 nmethod 10932 0x0000000003a4fc90 code [0x0000000003a4fe20, 0x0000000003a50128]
Event: 18949.768 Thread 0x0000000016aa5800 10933   !   1       org.apache.catalina.loader.WebappLoader::propertyChange (72 bytes)
Event: 18949.770 Thread 0x0000000016aa5800 nmethod 10933 0x0000000003a503d0 code [0x0000000003a505a0, 0x0000000003a50a28]
Event: 18949.771 Thread 0x0000000016aa5800 10931       1       org.apache.catalina.core.StandardContext::getWebappVersion (5 bytes)
Event: 18949.771 Thread 0x0000000016aa5800 nmethod 10931 0x0000000003a50d50 code [0x0000000003a50ea0, 0x0000000003a50fb0]
Event: 18949.775 Thread 0x0000000016aa5800 10934       1       org.apache.coyote.AbstractProcessor::getRequest (5 bytes)
Event: 18949.776 Thread 0x0000000016aa5800 nmethod 10934 0x0000000003a51010 code [0x0000000003a51160, 0x0000000003a51270]
Event: 18949.779 Thread 0x0000000016aa5800 10935   !   1       org.apache.catalina.core.ContainerBase::removeChild (132 bytes)

GC Heap History (10 events):
Event: 18938.620 GC heap after
Heap after GC invocations=3409 (full 33):
 PSYoungGen      total 33792K, used 2080K [0x00000000d8400000, 0x00000000da880000, 0x0000000100000000)
  eden space 30208K, 0% used [0x00000000d8400000,0x00000000d8400000,0x00000000da180000)
  from space 3584K, 58% used [0x00000000da500000,0x00000000da708010,0x00000000da880000)
  to   space 3584K, 0% used [0x00000000da180000,0x00000000da180000,0x00000000da500000)
 ParOldGen       total 101376K, used 70707K [0x0000000088c00000, 0x000000008ef00000, 0x00000000d8400000)
  object space 101376K, 69% used [0x0000000088c00000,0x000000008d10cdd0,0x000000008ef00000)
 Metaspace       used 59372K, capacity 63842K, committed 63872K, reserved 1105920K
  class space    used 7123K, capacity 8293K, committed 8320K, reserved 1048576K
}
Event: 18942.923 GC heap before
{Heap before GC invocations=3410 (full 33):
 PSYoungGen      total 33792K, used 32288K [0x00000000d8400000, 0x00000000da880000, 0x0000000100000000)
  eden space 30208K, 100% used [0x00000000d8400000,0x00000000da180000,0x00000000da180000)
  from space 3584K, 58% used [0x00000000da500000,0x00000000da708010,0x00000000da880000)
  to   space 3584K, 0% used [0x00000000da180000,0x00000000da180000,0x00000000da500000)
 ParOldGen       total 101376K, used 70707K [0x0000000088c00000, 0x000000008ef00000, 0x00000000d8400000)
  object space 101376K, 69% used [0x0000000088c00000,0x000000008d10cdd0,0x000000008ef00000)
 Metaspace       used 59372K, capacity 63842K, committed 63872K, reserved 1105920K
  class space    used 7123K, capacity 8293K, committed 8320K, reserved 1048576K
Event: 18942.926 GC heap after
Heap after GC invocations=3410 (full 33):
 PSYoungGen      total 33792K, used 1664K [0x00000000d8400000, 0x00000000da880000, 0x0000000100000000)
  eden space 30208K, 0% used [0x00000000d8400000,0x00000000d8400000,0x00000000da180000)
  from space 3584K, 46% used [0x00000000da180000,0x00000000da320010,0x00000000da500000)
  to   space 3584K, 0% used [0x00000000da500000,0x00000000da500000,0x00000000da880000)
 ParOldGen       total 101376K, used 70723K [0x0000000088c00000, 0x000000008ef00000, 0x00000000d8400000)
  object space 101376K, 69% used [0x0000000088c00000,0x000000008d110dd0,0x000000008ef00000)
 Metaspace       used 59372K, capacity 63842K, committed 63872K, reserved 1105920K
  class space    used 7123K, capacity 8293K, committed 8320K, reserved 1048576K
}
Event: 18946.758 GC heap before
{Heap before GC invocations=3411 (full 33):
 PSYoungGen      total 33792K, used 31872K [0x00000000d8400000, 0x00000000da880000, 0x0000000100000000)
  eden space 30208K, 100% used [0x00000000d8400000,0x00000000da180000,0x00000000da180000)
  from space 3584K, 46% used [0x00000000da180000,0x00000000da320010,0x00000000da500000)
  to   space 3584K, 0% used [0x00000000da500000,0x00000000da500000,0x00000000da880000)
 ParOldGen       total 101376K, used 70723K [0x0000000088c00000, 0x000000008ef00000, 0x00000000d8400000)
  object space 101376K, 69% used [0x0000000088c00000,0x000000008d110dd0,0x000000008ef00000)
 Metaspace       used 59372K, capacity 63842K, committed 63872K, reserved 1105920K
  class space    used 7123K, capacity 8293K, committed 8320K, reserved 1048576K
Event: 18946.762 GC heap after
Heap after GC invocations=3411 (full 33):
 PSYoungGen      total 33792K, used 2112K [0x00000000d8400000, 0x00000000da880000, 0x0000000100000000)
  eden space 30208K, 0% used [0x00000000d8400000,0x00000000d8400000,0x00000000da180000)
  from space 3584K, 58% used [0x00000000da500000,0x00000000da710010,0x00000000da880000)
  to   space 3584K, 0% used [0x00000000da180000,0x00000000da180000,0x00000000da500000)
 ParOldGen       total 101376K, used 70739K [0x0000000088c00000, 0x000000008ef00000, 0x00000000d8400000)
  object space 101376K, 69% used [0x0000000088c00000,0x000000008d114dd0,0x000000008ef00000)
 Metaspace       used 59372K, capacity 63842K, committed 63872K, reserved 1105920K
  class space    used 7123K, capacity 8293K, committed 8320K, reserved 1048576K
}
Event: 18949.638 GC heap before
{Heap before GC invocations=3412 (full 33):
 PSYoungGen      total 33792K, used 32320K [0x00000000d8400000, 0x00000000da880000, 0x0000000100000000)
  eden space 30208K, 100% used [0x00000000d8400000,0x00000000da180000,0x00000000da180000)
  from space 3584K, 58% used [0x00000000da500000,0x00000000da710010,0x00000000da880000)
  to   space 3584K, 0% used [0x00000000da180000,0x00000000da180000,0x00000000da500000)
 ParOldGen       total 101376K, used 70739K [0x0000000088c00000, 0x000000008ef00000, 0x00000000d8400000)
  object space 101376K, 69% used [0x0000000088c00000,0x000000008d114dd0,0x000000008ef00000)
 Metaspace       used 59372K, capacity 63842K, committed 63872K, reserved 1105920K
  class space    used 7123K, capacity 8293K, committed 8320K, reserved 1048576K
Event: 18949.640 GC heap after
Heap after GC invocations=3412 (full 33):
 PSYoungGen      total 33792K, used 2144K [0x00000000d8400000, 0x00000000da880000, 0x0000000100000000)
  eden space 30208K, 0% used [0x00000000d8400000,0x00000000d8400000,0x00000000da180000)
  from space 3584K, 59% used [0x00000000da180000,0x00000000da398010,0x00000000da500000)
  to   space 3584K, 0% used [0x00000000da500000,0x00000000da500000,0x00000000da880000)
 ParOldGen       total 101376K, used 70739K [0x0000000088c00000, 0x000000008ef00000, 0x00000000d8400000)
  object space 101376K, 69% used [0x0000000088c00000,0x000000008d114dd0,0x000000008ef00000)
 Metaspace       used 59372K, capacity 63842K, committed 63872K, reserved 1105920K
  class space    used 7123K, capacity 8293K, committed 8320K, reserved 1048576K
}
Event: 18949.779 GC heap before
{Heap before GC invocations=3413 (full 33):
 PSYoungGen      total 33792K, used 3447K [0x00000000d8400000, 0x00000000da880000, 0x0000000100000000)
  eden space 30208K, 4% used [0x00000000d8400000,0x00000000d8545cd0,0x00000000da180000)
  from space 3584K, 59% used [0x00000000da180000,0x00000000da398010,0x00000000da500000)
  to   space 3584K, 0% used [0x00000000da500000,0x00000000da500000,0x00000000da880000)
 ParOldGen       total 101376K, used 70739K [0x0000000088c00000, 0x000000008ef00000, 0x00000000d8400000)
  object space 101376K, 69% used [0x0000000088c00000,0x000000008d114dd0,0x000000008ef00000)
 Metaspace       used 59375K, capacity 63848K, committed 64128K, reserved 1105920K
  class space    used 7124K, capacity 8295K, committed 8320K, reserved 1048576K
Event: 18949.786 GC heap after
Heap after GC invocations=3413 (full 33):
 PSYoungGen      total 33792K, used 2144K [0x00000000d8400000, 0x00000000da880000, 0x0000000100000000)
  eden space 30208K, 0% used [0x00000000d8400000,0x00000000d8400000,0x00000000da180000)
  from space 3584K, 59% used [0x00000000da500000,0x00000000da718010,0x00000000da880000)
  to   space 3584K, 0% used [0x00000000da180000,0x00000000da180000,0x00000000da500000)
 ParOldGen       total 101376K, used 70747K [0x0000000088c00000, 0x000000008ef00000, 0x00000000d8400000)
  object space 101376K, 69% used [0x0000000088c00000,0x000000008d116dd0,0x000000008ef00000)
 Metaspace       used 59375K, capacity 63848K, committed 64128K, reserved 1105920K
  class space    used 7124K, capacity 8295K, committed 8320K, reserved 1048576K
}
Event: 18949.786 GC heap before
{Heap before GC invocations=3414 (full 34):
 PSYoungGen      total 33792K, used 2144K [0x00000000d8400000, 0x00000000da880000, 0x0000000100000000)
  eden space 30208K, 0% used [0x00000000d8400000,0x00000000d8400000,0x00000000da180000)
  from space 3584K, 59% used [0x00000000da500000,0x00000000da718010,0x00000000da880000)
  to   space 3584K, 0% used [0x00000000da180000,0x00000000da180000,0x00000000da500000)
 ParOldGen       total 101376K, used 70747K [0x0000000088c00000, 0x000000008ef00000, 0x00000000d8400000)
  object space 101376K, 69% used [0x0000000088c00000,0x000000008d116dd0,0x000000008ef00000)
 Metaspace       used 59375K, capacity 63848K, committed 64128K, reserved 1105920K
  class space    used 7124K, capacity 8295K, committed 8320K, reserved 1048576K

Deoptimization events (0 events):
No events

Internal exceptions (10 events):
Event: 5836.255 Thread 0x000000001a42c000 Exception <a 'java/lang/ArrayIndexOutOfBoundsException'> (0x00000000dce51838) thrown at [C:\re\workspace\8-2-build-windows-amd64-cygwin\jdk8u151\9699\hotspot\src\share\vm\runtime\sharedRuntime.cpp, line 605]
Event: 5836.255 Thread 0x000000001a42c000 Exception <a 'java/lang/ArrayIndexOutOfBoundsException'> (0x00000000dce52b20) thrown at [C:\re\workspace\8-2-build-windows-amd64-cygwin\jdk8u151\9699\hotspot\src\share\vm\runtime\sharedRuntime.cpp, line 605]
Event: 5836.255 Thread 0x000000001a42c000 Exception <a 'java/lang/ArrayIndexOutOfBoundsException'> (0x00000000dce53ec8) thrown at [C:\re\workspace\8-2-build-windows-amd64-cygwin\jdk8u151\9699\hotspot\src\share\vm\runtime\sharedRuntime.cpp, line 605]
Event: 5836.255 Thread 0x000000001a42c000 Exception <a 'java/lang/ArrayIndexOutOfBoundsException'> (0x00000000dce55128) thrown at [C:\re\workspace\8-2-build-windows-amd64-cygwin\jdk8u151\9699\hotspot\src\share\vm\runtime\sharedRuntime.cpp, line 605]
Event: 5836.255 Thread 0x000000001a42c000 Exception <a 'java/lang/ArrayIndexOutOfBoundsException'> (0x00000000dce564a0) thrown at [C:\re\workspace\8-2-build-windows-amd64-cygwin\jdk8u151\9699\hotspot\src\share\vm\runtime\sharedRuntime.cpp, line 605]
Event: 5860.785 Thread 0x000000001a42c000 Exception <a 'java/lang/ArrayIndexOutOfBoundsException'> (0x00000000dcab4820) thrown at [C:\re\workspace\8-2-build-windows-amd64-cygwin\jdk8u151\9699\hotspot\src\share\vm\runtime\sharedRuntime.cpp, line 605]
Event: 5860.785 Thread 0x000000001a42c000 Exception <a 'java/lang/ArrayIndexOutOfBoundsException'> (0x00000000dcab7108) thrown at [C:\re\workspace\8-2-build-windows-amd64-cygwin\jdk8u151\9699\hotspot\src\share\vm\runtime\sharedRuntime.cpp, line 605]
Event: 18949.643 Thread 0x000000001eb19000 Exception <a 'java/lang/NullPointerException'> (0x00000000d84a4f80) thrown at [C:\re\workspace\8-2-build-windows-amd64-cygwin\jdk8u151\9699\hotspot\src\share\vm\interpreter\linkResolver.cpp, line 1183]
Event: 18949.759 Thread 0x000000001a426800 Exception <a 'java/lang/InterruptedException': sleep interrupted> (0x00000000d84cb8a0) thrown at [C:\re\workspace\8-2-build-windows-amd64-cygwin\jdk8u151\9699\hotspot\src\share\vm\prims\jvm.cpp, line 3228]
Event: 18949.777 Thread 0x000000001a424800 Exception <a 'java/lang/InterruptedException': sleep interrupted> (0x00000000d8535088) thrown at [C:\re\workspace\8-2-build-windows-amd64-cygwin\jdk8u151\9699\hotspot\src\share\vm\prims\jvm.cpp, line 3228]

Events (10 events):
Event: 18949.777 Thread 0x000000001a424800 Thread exited: 0x000000001a424800
Event: 18949.778 Executing VM operation: RevokeBias
Event: 18949.778 Executing VM operation: RevokeBias done
Event: 18949.778 Executing VM operation: RevokeBias
Event: 18949.778 Executing VM operation: RevokeBias done
Event: 18949.778 Executing VM operation: RevokeBias
Event: 18949.778 Executing VM operation: RevokeBias done
Event: 18949.778 Thread 0x000000001eb1a000 Thread exited: 0x000000001eb1a000
Event: 18949.778 Thread 0x000000001eb18800 Thread exited: 0x000000001eb18800
Event: 18949.779 Executing VM operation: ParallelGCSystemGC


Dynamic libraries:
0x00007ff744910000 - 0x00007ff744947000 	C:\Program Files\Java\jre1.8.0_151\bin\javaw.exe
0x00007ffe44a20000 - 0x00007ffe44bc9000 	C:\Windows\SYSTEM32\ntdll.dll
0x00007ffe42330000 - 0x00007ffe42469000 	C:\Windows\system32\KERNEL32.DLL
0x00007ffe421a0000 - 0x00007ffe422ae000 	C:\Windows\system32\KERNELBASE.dll
0x00007ffe409d0000 - 0x00007ffe40a5b000 	C:\Windows\system32\apphelp.dll
0x00007ffe27360000 - 0x00007ffe273af000 	C:\Windows\AppPatch\AppPatch64\AcGenral.DLL
0x00007ffe442b0000 - 0x00007ffe44357000 	C:\Windows\system32\msvcrt.dll
0x00007ffe41be0000 - 0x00007ffe41c0b000 	C:\Windows\SYSTEM32\SspiCli.dll
0x00007ffe422b0000 - 0x00007ffe42301000 	C:\Windows\system32\SHLWAPI.dll
0x00007ffe42580000 - 0x00007ffe426f1000 	C:\Windows\system32\USER32.dll
0x00007ffe44640000 - 0x00007ffe447b6000 	C:\Windows\system32\ole32.dll
0x00007ffe42c10000 - 0x00007ffe44020000 	C:\Windows\system32\SHELL32.dll
0x00007ffe413b0000 - 0x00007ffe413cf000 	C:\Windows\SYSTEM32\USERENV.dll
0x00007ffe42470000 - 0x00007ffe42515000 	C:\Windows\system32\ADVAPI32.dll
0x00007ffe3b8f0000 - 0x00007ffe3b90b000 	C:\Windows\SYSTEM32\MPR.dll
0x00007ffe42ad0000 - 0x00007ffe42c06000 	C:\Windows\system32\RPCRT4.dll
0x00007ffe44900000 - 0x00007ffe44957000 	C:\Windows\SYSTEM32\sechost.dll
0x00007ffe44020000 - 0x00007ffe441f7000 	C:\Windows\SYSTEM32\combase.dll
0x00007ffe42980000 - 0x00007ffe42ac5000 	C:\Windows\system32\GDI32.dll
0x00007ffe41da0000 - 0x00007ffe41db4000 	C:\Windows\SYSTEM32\profapi.dll
0x00007ffe404c0000 - 0x00007ffe40561000 	C:\Windows\SYSTEM32\SHCORE.dll
0x00007ffe44270000 - 0x00007ffe442a4000 	C:\Windows\system32\IMM32.DLL
0x00007ffe447c0000 - 0x00007ffe448f8000 	C:\Windows\system32\MSCTF.dll
0x00007ffe27880000 - 0x00007ffe27ada000 	C:\Windows\WinSxS\amd64_microsoft.windows.common-controls_6595b64144ccf1df_6.0.9600.16384_none_62475f7becb72503\COMCTL32.dll
0x0000000072d30000 - 0x0000000072e02000 	C:\Program Files\Java\jre1.8.0_151\bin\msvcr100.dll
0x0000000072f00000 - 0x000000007379d000 	C:\Program Files\Java\jre1.8.0_151\bin\server\jvm.dll
0x00007ffe2ee00000 - 0x00007ffe2ee09000 	C:\Windows\SYSTEM32\WSOCK32.dll
0x00007ffe3bde0000 - 0x00007ffe3bdff000 	C:\Windows\SYSTEM32\WINMM.dll
0x00007ffe3ad30000 - 0x00007ffe3ad3a000 	C:\Windows\SYSTEM32\VERSION.dll
0x00007ffe44630000 - 0x00007ffe44637000 	C:\Windows\system32\PSAPI.DLL
0x00007ffe445c0000 - 0x00007ffe44618000 	C:\Windows\system32\WS2_32.dll
0x00007ffe3bb60000 - 0x00007ffe3bb8a000 	C:\Windows\SYSTEM32\WINMMBASE.dll
0x00007ffe44620000 - 0x00007ffe44629000 	C:\Windows\system32\NSI.dll
0x00007ffe42150000 - 0x00007ffe4219a000 	C:\Windows\SYSTEM32\cfgmgr32.dll
0x00007ffe40c20000 - 0x00007ffe40c46000 	C:\Windows\SYSTEM32\DEVOBJ.dll
0x0000000072ef0000 - 0x0000000072eff000 	C:\Program Files\Java\jre1.8.0_151\bin\verify.dll
0x0000000072ec0000 - 0x0000000072ee9000 	C:\Program Files\Java\jre1.8.0_151\bin\java.dll
0x0000000072ea0000 - 0x0000000072eb6000 	C:\Program Files\Java\jre1.8.0_151\bin\zip.dll
0x0000000072e10000 - 0x0000000072e1d000 	C:\Program Files\Java\jre1.8.0_151\bin\management.dll
0x0000000072e80000 - 0x0000000072e9a000 	C:\Program Files\Java\jre1.8.0_151\bin\net.dll
0x00007ffe41600000 - 0x00007ffe41658000 	C:\Windows\system32\mswsock.dll
0x0000000072e60000 - 0x0000000072e71000 	C:\Program Files\Java\jre1.8.0_151\bin\nio.dll
0x00007ffe2bae0000 - 0x00007ffe2baf4000 	C:\Windows\system32\napinsp.dll
0x00007ffe2bb00000 - 0x00007ffe2bb19000 	C:\Windows\system32\pnrpnsp.dll
0x00007ffe3f5a0000 - 0x00007ffe3f5b9000 	C:\Windows\system32\NLAapi.dll
0x00007ffe41410000 - 0x00007ffe414b3000 	C:\Windows\SYSTEM32\DNSAPI.dll
0x00007ffe2bb20000 - 0x00007ffe2bb2c000 	C:\Windows\System32\winrnr.dll
0x00007ffe2ded0000 - 0x00007ffe2ded9000 	C:\Windows\System32\rasadhlp.dll
0x00007ffe3ddf0000 - 0x00007ffe3de19000 	C:\Windows\SYSTEM32\IPHLPAPI.DLL
0x00007ffe3d730000 - 0x00007ffe3d73a000 	C:\Windows\SYSTEM32\WINNSI.DLL
0x00007ffe3d3d0000 - 0x00007ffe3d437000 	C:\Windows\System32\fwpuclnt.dll
0x00007ffe41660000 - 0x00007ffe4167e000 	C:\Windows\SYSTEM32\CRYPTSP.dll
0x00007ffe412a0000 - 0x00007ffe412d5000 	C:\Windows\system32\rsaenh.dll
0x00007ffe41890000 - 0x00007ffe418b6000 	C:\Windows\SYSTEM32\bcrypt.dll
0x00007ffe41c10000 - 0x00007ffe41c6e000 	C:\Windows\system32\bcryptprimitives.dll
0x00007ffe41c70000 - 0x00007ffe41c7a000 	C:\Windows\SYSTEM32\CRYPTBASE.dll
0x00007ffe3d460000 - 0x00007ffe3d474000 	C:\Windows\SYSTEM32\dhcpcsvc6.DLL
0x00007ffe3d440000 - 0x00007ffe3d459000 	C:\Windows\SYSTEM32\dhcpcsvc.DLL
0x0000000072e30000 - 0x0000000072e54000 	C:\Program Files\Java\jre1.8.0_151\bin\sunec.dll
0x0000000072e20000 - 0x0000000072e2b000 	C:\Program Files\Java\jre1.8.0_151\bin\sunmscapi.dll
0x00007ffe41f70000 - 0x00007ffe42147000 	C:\Windows\system32\CRYPT32.dll
0x00007ffe41e50000 - 0x00007ffe41e62000 	C:\Windows\system32\MSASN1.dll
0x00007ffe274b0000 - 0x00007ffe27638000 	C:\Windows\SYSTEM32\dbghelp.dll

VM Arguments:
jvm_args: -Dcom.sun.management.jmxremote -Dcom.sun.management.jmxremote.port=58364 -Dcom.sun.management.jmxremote.authenticate=false -Dcom.sun.management.jmxremote.ssl=false -Djava.rmi.server.hostname=localhost -Dspring.application.admin.enabled=true -Xverify:none -XX:TieredStopAtLevel=1 -Dfile.encoding=Cp1252 
java_command: Service.Service
java_class_path (initial): C:\Program Files\Java\jre1.8.0_151\lib\resources.jar;C:\Program Files\Java\jre1.8.0_151\lib\rt.jar;C:\Program Files\Java\jre1.8.0_151\lib\jsse.jar;C:\Program Files\Java\jre1.8.0_151\lib\jce.jar;C:\Program Files\Java\jre1.8.0_151\lib\charsets.jar;C:\Program Files\Java\jre1.8.0_151\lib\jfr.jar;C:\Program Files\Java\jre1.8.0_151\lib\ext\access-bridge-64.jar;C:\Program Files\Java\jre1.8.0_151\lib\ext\cldrdata.jar;C:\Program Files\Java\jre1.8.0_151\lib\ext\dnsns.jar;C:\Program Files\Java\jre1.8.0_151\lib\ext\jaccess.jar;C:\Program Files\Java\jre1.8.0_151\lib\ext\jfxrt.jar;C:\Program Files\Java\jre1.8.0_151\lib\ext\localedata.jar;C:\Program Files\Java\jre1.8.0_151\lib\ext\nashorn.jar;C:\Program Files\Java\jre1.8.0_151\lib\ext\sunec.jar;C:\Program Files\Java\jre1.8.0_151\lib\ext\sunjce_provider.jar;C:\Program Files\Java\jre1.8.0_151\lib\ext\sunmscapi.jar;C:\Program Files\Java\jre1.8.0_151\lib\ext\sunpkcs11.jar;C:\Program Files\Java\jre1.8.0_151\lib\ext\zipfs.jar;F:\Gestion2017\taller_boot\bin;C:\Users\ivan\.gradle\caches\modules-2\files-2.1\org.springframework.boot\spring-boot-starter-web\1.5.8.RELEASE\7e0dc79e3b47be4539ad3c033639133ae6b7a17e\spring-boot-starter-web-1.5.8.RELEASE.jar;C:\Users\ivan\.gradle\caches\modules-2\files-2.1\io.jsonwebtoken\jjwt\0.7.0\f042fe2676bfdc2091545152e47d77e11999946d\jjwt-0.7.0.jar;C:\Users\ivan\.gradle\caches\modules-2\files-2.1\org.springframework.boot\spring-boot-starter\1.5.8.RELEASE\18048efe1f06569022a53cc3fb2fe9c0162935a3\spring-boot-starter-1.5.8.RELEASE.jar;C:\Users\ivan\.gradle\caches\modules-2\files-2.1\org.springframework.boot\spring-boot-starter-jdbc\1.5.8.RELEASE\fc98631eba9817c920b9ac1c5845214f49637a33\spring-boot-starter-jdbc-1.5.8.RELEASE.jar;C:\Users\ivan\.gradle\caches\modules-2\files-2.1\javax\javaee-endorsed-api\7.0\f4118776040bb2df8663854eb0ceecd149b3c28f\javaee-endorsed-api-7.0.jar;C:\Users\ivan\.gradle\caches\modules-2\files-2.1\net.sf.jasperreports\jasperreports\6.2.0\d158aa2b29e6433a82b12
Launcher Type: SUN_STANDARD

Environment Variables:
JAVA_HOME=C:\Program Files\Java\jdk-9.0.1
JRE_HOME=C:\Program Files\Java\jre-9.0.1
CLASSPATH=C:\apache-tomcat-8.0.44\lib\servlet-api
PATH=C:/Program Files/Java/jre1.8.0_151/bin/server;C:/Program Files/Java/jre1.8.0_151/bin;C:/Program Files/Java/jre1.8.0_151/lib/amd64;C:\ProgramData\Oracle\Java\javapath;C:\Windows\system32;C:\Windows;C:\Windows\System32\Wbem;C:\Windows\System32\WindowsPowerShell\v1.0\;C:\Program Files (x86)\Intel\OpenCL SDK\2.0\bin\x86;C:\Program Files (x86)\Intel\OpenCL SDK\2.0\bin\x64;C:\Program Files\Microsoft SQL Server\120\DTS\Binn\;C:\Program Files\Microsoft SQL Server\Client SDK\ODBC\110\Tools\Binn\;C:\Program Files (x86)\Microsoft SQL Server\120\Tools\Binn\;C:\Program Files\Microsoft SQL Server\120\Tools\Binn\;C:\Program Files (x86)\Microsoft SQL Server\120\Tools\Binn\ManagementStudio\;C:\Program Files (x86)\Microsoft SQL Server\120\DTS\Binn\;C:\apache-tomcat-8.0.44\bin;C:\Program Files\Java\jdk-9.0.1\bin;C:\Program Files (x86)\Brackets\command;C:\Program Files\Java\jdk-9.0.1\bin;C:\apache-maven-3.5.2\bin;C:\Program Files\nodejs\;C:\Program Files\Git\cmd;C:\gradle-4.3.1\bin;;C:\Program Files\Microsoft VS Code\bin;C:\Users\ivan\AppData\Roaming\npm;C:\eclipse;
USERNAME=ivan
OS=Windows_NT
PROCESSOR_IDENTIFIER=Intel64 Family 6 Model 42 Stepping 7, GenuineIntel



---------------  S Y S T E M  ---------------

OS: Windows 8.1 , 64 bit Build 9600 (6.3.9600.16441)

CPU:total 4 (initial active 4) (2 cores per cpu, 2 threads per core) family 6 model 42 stepping 7, cmov, cx8, fxsr, mmx, sse, sse2, sse3, ssse3, sse4.1, sse4.2, popcnt, avx, aes, clmul, ht, tsc, tscinvbit

Memory: 4k page, physical 7813144k(2740236k free), swap 15677464k(8122592k free)

vm_info: Java HotSpot(TM) 64-Bit Server VM (25.151-b12) for windows-amd64 JRE (1.8.0_151-b12), built on Sep  5 2017 19:33:46 by "java_re" with MS VC++ 10.0 (VS2010)

time: Thu Mar 08 08:59:10 2018
elapsed time: 18950 seconds (0d 5h 15m 50s)

